  소스.cpp
c:\users\kdk\desktop\컴그\project1 solution\3d실습16\소스.cpp(93): warning C4326: 'main'의 반환 형식이 'int'이어야 하는데 'void'입니다.
c:\users\kdk\desktop\컴그\project1 solution\3d실습16\소스.cpp(94): warning C4244: '인수': 'time_t'에서 'unsigned int'(으)로 변환하면서 데이터가 손실될 수 있습니다.
c:\users\kdk\desktop\컴그\project1 solution\3d실습16\소스.cpp(163): warning C4244: '인수': 'int'에서 'GLfloat'(으)로 변환하면서 데이터가 손실될 수 있습니다.
c:\users\kdk\desktop\컴그\project1 solution\3d실습16\소스.cpp(165): warning C4244: '인수': 'int'에서 'GLfloat'(으)로 변환하면서 데이터가 손실될 수 있습니다.
c:\users\kdk\desktop\컴그\project1 solution\3d실습16\소스.cpp(169): warning C4244: '인수': 'int'에서 'GLfloat'(으)로 변환하면서 데이터가 손실될 수 있습니다.
c:\users\kdk\desktop\컴그\project1 solution\3d실습16\소스.cpp(171): warning C4244: '인수': 'int'에서 'GLfloat'(으)로 변환하면서 데이터가 손실될 수 있습니다.
c:\users\kdk\desktop\컴그\project1 solution\3d실습16\소스.cpp(178): warning C4244: '인수': 'int'에서 'GLfloat'(으)로 변환하면서 데이터가 손실될 수 있습니다.
c:\users\kdk\desktop\컴그\project1 solution\3d실습16\소스.cpp(180): warning C4244: '인수': 'int'에서 'GLfloat'(으)로 변환하면서 데이터가 손실될 수 있습니다.
c:\users\kdk\desktop\컴그\project1 solution\3d실습16\소스.cpp(184): warning C4244: '인수': 'int'에서 'GLfloat'(으)로 변환하면서 데이터가 손실될 수 있습니다.
c:\users\kdk\desktop\컴그\project1 solution\3d실습16\소스.cpp(186): warning C4244: '인수': 'int'에서 'GLfloat'(으)로 변환하면서 데이터가 손실될 수 있습니다.
c:\users\kdk\desktop\컴그\project1 solution\3d실습16\소스.cpp(193): warning C4244: '인수': 'int'에서 'GLfloat'(으)로 변환하면서 데이터가 손실될 수 있습니다.
c:\users\kdk\desktop\컴그\project1 solution\3d실습16\소스.cpp(195): warning C4244: '인수': 'int'에서 'GLfloat'(으)로 변환하면서 데이터가 손실될 수 있습니다.
c:\users\kdk\desktop\컴그\project1 solution\3d실습16\소스.cpp(200): warning C4244: '인수': 'int'에서 'GLfloat'(으)로 변환하면서 데이터가 손실될 수 있습니다.
c:\users\kdk\desktop\컴그\project1 solution\3d실습16\소스.cpp(202): warning C4244: '인수': 'int'에서 'GLfloat'(으)로 변환하면서 데이터가 손실될 수 있습니다.
c:\users\kdk\desktop\컴그\project1 solution\3d실습16\소스.cpp(210): warning C4244: '인수': 'int'에서 'GLfloat'(으)로 변환하면서 데이터가 손실될 수 있습니다.
c:\users\kdk\desktop\컴그\project1 solution\3d실습16\소스.cpp(212): warning C4244: '인수': 'int'에서 'GLfloat'(으)로 변환하면서 데이터가 손실될 수 있습니다.
c:\users\kdk\desktop\컴그\project1 solution\3d실습16\소스.cpp(216): warning C4244: '인수': 'int'에서 'GLfloat'(으)로 변환하면서 데이터가 손실될 수 있습니다.
c:\users\kdk\desktop\컴그\project1 solution\3d실습16\소스.cpp(218): warning C4244: '인수': 'int'에서 'GLfloat'(으)로 변환하면서 데이터가 손실될 수 있습니다.
  3D실습16.vcxproj -> C:\Users\kdk\Desktop\컴그\Project1 Solution\Debug\3D실습16.exe
