  소스.cpp
c:\users\kdk\desktop\컴그\project1 solution\3d실습 21\소스.cpp(29): warning C4305: '초기화 중': 'double'에서 'float'(으)로 잘립니다.
c:\users\kdk\desktop\컴그\project1 solution\3d실습 21\소스.cpp(240): warning C4244: '인수': 'int'에서 'GLfloat'(으)로 변환하면서 데이터가 손실될 수 있습니다.
c:\users\kdk\desktop\컴그\project1 solution\3d실습 21\소스.cpp(253): warning C4244: '인수': 'int'에서 'GLfloat'(으)로 변환하면서 데이터가 손실될 수 있습니다.
c:\users\kdk\desktop\컴그\project1 solution\3d실습 21\소스.cpp(280): warning C4326: 'main'의 반환 형식이 'int'이어야 하는데 'void'입니다.
c:\users\kdk\desktop\컴그\project1 solution\3d실습 21\소스.cpp(286): warning C4244: '=': 'double'에서 'int'(으)로 변환하면서 데이터가 손실될 수 있습니다.
c:\users\kdk\desktop\컴그\project1 solution\3d실습 21\소스.cpp(288): warning C4244: '인수': 'time_t'에서 'unsigned int'(으)로 변환하면서 데이터가 손실될 수 있습니다.
c:\users\kdk\desktop\컴그\project1 solution\3d실습 21\소스.cpp(437): warning C4305: '인수': 'double'에서 'GLfloat'(으)로 잘립니다.
c:\users\kdk\desktop\컴그\project1 solution\3d실습 21\소스.cpp(442): warning C4244: '인수': 'double'에서 'GLfloat'(으)로 변환하면서 데이터가 손실될 수 있습니다.
c:\users\kdk\desktop\컴그\project1 solution\3d실습 21\소스.cpp(475): warning C4305: '인수': 'double'에서 'GLfloat'(으)로 잘립니다.
c:\users\kdk\desktop\컴그\project1 solution\3d실습 21\소스.cpp(480): warning C4244: '인수': 'int'에서 'GLfloat'(으)로 변환하면서 데이터가 손실될 수 있습니다.
c:\users\kdk\desktop\컴그\project1 solution\3d실습 21\소스.cpp(487): warning C4305: '인수': 'double'에서 'GLfloat'(으)로 잘립니다.
c:\users\kdk\desktop\컴그\project1 solution\3d실습 21\소스.cpp(495): warning C4305: '인수': 'double'에서 'GLfloat'(으)로 잘립니다.
c:\users\kdk\desktop\컴그\project1 solution\3d실습 21\소스.cpp(502): warning C4305: '인수': 'double'에서 'GLfloat'(으)로 잘립니다.
c:\users\kdk\desktop\컴그\project1 solution\3d실습 21\소스.cpp(509): warning C4305: '인수': 'double'에서 'GLfloat'(으)로 잘립니다.
c:\users\kdk\desktop\컴그\project1 solution\3d실습 21\소스.cpp(528): warning C4244: '인수': 'int'에서 'GLfloat'(으)로 변환하면서 데이터가 손실될 수 있습니다.
c:\users\kdk\desktop\컴그\project1 solution\3d실습 21\소스.cpp(536): warning C4305: '인수': 'double'에서 'GLfloat'(으)로 잘립니다.
c:\users\kdk\desktop\컴그\project1 solution\3d실습 21\소스.cpp(543): warning C4305: '인수': 'double'에서 'GLfloat'(으)로 잘립니다.
c:\users\kdk\desktop\컴그\project1 solution\3d실습 21\소스.cpp(550): warning C4305: '인수': 'double'에서 'GLfloat'(으)로 잘립니다.
c:\users\kdk\desktop\컴그\project1 solution\3d실습 21\소스.cpp(557): warning C4305: '인수': 'double'에서 'GLfloat'(으)로 잘립니다.
c:\users\kdk\desktop\컴그\project1 solution\3d실습 21\소스.cpp(564): warning C4305: '인수': 'double'에서 'GLfloat'(으)로 잘립니다.
c:\users\kdk\desktop\컴그\project1 solution\3d실습 21\소스.cpp(571): warning C4305: '인수': 'double'에서 'GLfloat'(으)로 잘립니다.
c:\users\kdk\desktop\컴그\project1 solution\3d실습 21\소스.cpp(578): warning C4305: '인수': 'double'에서 'GLfloat'(으)로 잘립니다.
c:\users\kdk\desktop\컴그\project1 solution\3d실습 21\소스.cpp(595): warning C4244: '인수': 'int'에서 'GLfloat'(으)로 변환하면서 데이터가 손실될 수 있습니다.
c:\users\kdk\desktop\컴그\project1 solution\3d실습 21\소스.cpp(600): warning C4305: '인수': 'double'에서 'GLfloat'(으)로 잘립니다.
c:\users\kdk\desktop\컴그\project1 solution\3d실습 21\소스.cpp(605): warning C4244: '인수': 'int'에서 'GLfloat'(으)로 변환하면서 데이터가 손실될 수 있습니다.
c:\users\kdk\desktop\컴그\project1 solution\3d실습 21\소스.cpp(610): warning C4305: '인수': 'double'에서 'GLfloat'(으)로 잘립니다.
c:\users\kdk\desktop\컴그\project1 solution\3d실습 21\소스.cpp(617): warning C4305: '인수': 'double'에서 'GLfloat'(으)로 잘립니다.
c:\users\kdk\desktop\컴그\project1 solution\3d실습 21\소스.cpp(624): warning C4305: '인수': 'double'에서 'GLfloat'(으)로 잘립니다.
c:\users\kdk\desktop\컴그\project1 solution\3d실습 21\소스.cpp(676): warning C4244: '인수': 'int'에서 'GLfloat'(으)로 변환하면서 데이터가 손실될 수 있습니다.
c:\users\kdk\desktop\컴그\project1 solution\3d실습 21\소스.cpp(679): warning C4305: '인수': 'double'에서 'GLfloat'(으)로 잘립니다.
c:\users\kdk\desktop\컴그\project1 solution\3d실습 21\소스.cpp(685): warning C4305: '인수': 'double'에서 'GLfloat'(으)로 잘립니다.
c:\users\kdk\desktop\컴그\project1 solution\3d실습 21\소스.cpp(691): warning C4305: '인수': 'double'에서 'GLfloat'(으)로 잘립니다.
c:\users\kdk\desktop\컴그\project1 solution\3d실습 21\소스.cpp(698): warning C4305: '인수': 'double'에서 'GLfloat'(으)로 잘립니다.
c:\users\kdk\desktop\컴그\project1 solution\3d실습 21\소스.cpp(704): warning C4305: '인수': 'double'에서 'GLfloat'(으)로 잘립니다.
c:\users\kdk\desktop\컴그\project1 solution\3d실습 21\소스.cpp(718): warning C4305: '인수': 'double'에서 'GLfloat'(으)로 잘립니다.
c:\users\kdk\desktop\컴그\project1 solution\3d실습 21\소스.cpp(725): warning C4305: '인수': 'double'에서 'GLfloat'(으)로 잘립니다.
c:\users\kdk\desktop\컴그\project1 solution\3d실습 21\소스.cpp(733): warning C4244: '인수': 'int'에서 'GLfloat'(으)로 변환하면서 데이터가 손실될 수 있습니다.
c:\users\kdk\desktop\컴그\project1 solution\3d실습 21\소스.cpp(740): warning C4305: '인수': 'double'에서 'GLfloat'(으)로 잘립니다.
c:\users\kdk\desktop\컴그\project1 solution\3d실습 21\소스.cpp(745): warning C4244: '인수': 'int'에서 'GLfloat'(으)로 변환하면서 데이터가 손실될 수 있습니다.
c:\users\kdk\desktop\컴그\project1 solution\3d실습 21\소스.cpp(751): warning C4305: '인수': 'double'에서 'GLfloat'(으)로 잘립니다.
c:\users\kdk\desktop\컴그\project1 solution\3d실습 21\소스.cpp(759): warning C4244: '인수': 'int'에서 'GLfloat'(으)로 변환하면서 데이터가 손실될 수 있습니다.
c:\users\kdk\desktop\컴그\project1 solution\3d실습 21\소스.cpp(764): warning C4305: '인수': 'double'에서 'GLfloat'(으)로 잘립니다.
c:\users\kdk\desktop\컴그\project1 solution\3d실습 21\소스.cpp(769): warning C4244: '인수': 'int'에서 'GLfloat'(으)로 변환하면서 데이터가 손실될 수 있습니다.
c:\users\kdk\desktop\컴그\project1 solution\3d실습 21\소스.cpp(774): warning C4305: '인수': 'double'에서 'GLfloat'(으)로 잘립니다.
  3D실습 21.vcxproj -> C:\Users\kdk\Desktop\컴그\Project1 Solution\Debug\3D실습 21.exe
