  소스.cpp
c:\users\kdk\desktop\컴그\project1 solution\3d실습 27\소스.cpp(29): warning C4305: '초기화 중': 'double'에서 'float'(으)로 잘립니다.
c:\users\kdk\desktop\컴그\project1 solution\3d실습 27\소스.cpp(273): warning C4326: 'main'의 반환 형식이 'int'이어야 하는데 'void'입니다.
c:\users\kdk\desktop\컴그\project1 solution\3d실습 27\소스.cpp(278): warning C4244: '인수': 'time_t'에서 'unsigned int'(으)로 변환하면서 데이터가 손실될 수 있습니다.
c:\users\kdk\desktop\컴그\project1 solution\3d실습 27\소스.cpp(319): warning C4244: '인수': 'double'에서 'GLfloat'(으)로 변환하면서 데이터가 손실될 수 있습니다.
c:\users\kdk\desktop\컴그\project1 solution\3d실습 27\소스.cpp(322): warning C4305: '인수': 'double'에서 'GLfloat'(으)로 잘립니다.
c:\users\kdk\desktop\컴그\project1 solution\3d실습 27\소스.cpp(339): warning C4305: '인수': 'double'에서 'GLfloat'(으)로 잘립니다.
c:\users\kdk\desktop\컴그\project1 solution\3d실습 27\소스.cpp(345): warning C4305: '인수': 'double'에서 'GLfloat'(으)로 잘립니다.
c:\users\kdk\desktop\컴그\project1 solution\3d실습 27\소스.cpp(351): warning C4305: '인수': 'double'에서 'GLfloat'(으)로 잘립니다.
c:\users\kdk\desktop\컴그\project1 solution\3d실습 27\소스.cpp(358): warning C4305: '인수': 'double'에서 'GLfloat'(으)로 잘립니다.
c:\users\kdk\desktop\컴그\project1 solution\3d실습 27\소스.cpp(428): warning C4244: '인수': 'int'에서 'GLfloat'(으)로 변환하면서 데이터가 손실될 수 있습니다.
c:\users\kdk\desktop\컴그\project1 solution\3d실습 27\소스.cpp(434): warning C4244: '인수': 'int'에서 'GLfloat'(으)로 변환하면서 데이터가 손실될 수 있습니다.
c:\users\kdk\desktop\컴그\project1 solution\3d실습 27\소스.cpp(443): warning C4244: '인수': 'int'에서 'GLfloat'(으)로 변환하면서 데이터가 손실될 수 있습니다.
c:\users\kdk\desktop\컴그\project1 solution\3d실습 27\소스.cpp(453): warning C4244: '인수': 'int'에서 'GLfloat'(으)로 변환하면서 데이터가 손실될 수 있습니다.
c:\users\kdk\desktop\컴그\project1 solution\3d실습 27\소스.cpp(462): warning C4244: '인수': 'int'에서 'GLfloat'(으)로 변환하면서 데이터가 손실될 수 있습니다.
c:\users\kdk\desktop\컴그\project1 solution\3d실습 27\소스.cpp(481): warning C4305: '인수': 'double'에서 'GLfloat'(으)로 잘립니다.
c:\users\kdk\desktop\컴그\project1 solution\3d실습 27\소스.cpp(487): warning C4305: '인수': 'double'에서 'GLfloat'(으)로 잘립니다.
c:\users\kdk\desktop\컴그\project1 solution\3d실습 27\소스.cpp(503): warning C4305: '인수': 'double'에서 'GLfloat'(으)로 잘립니다.
c:\users\kdk\desktop\컴그\project1 solution\3d실습 27\소스.cpp(508): warning C4244: '인수': 'double'에서 'GLfloat'(으)로 변환하면서 데이터가 손실될 수 있습니다.
c:\users\kdk\desktop\컴그\project1 solution\3d실습 27\소스.cpp(541): warning C4305: '인수': 'double'에서 'GLfloat'(으)로 잘립니다.
c:\users\kdk\desktop\컴그\project1 solution\3d실습 27\소스.cpp(546): warning C4244: '인수': 'int'에서 'GLfloat'(으)로 변환하면서 데이터가 손실될 수 있습니다.
c:\users\kdk\desktop\컴그\project1 solution\3d실습 27\소스.cpp(553): warning C4305: '인수': 'double'에서 'GLfloat'(으)로 잘립니다.
c:\users\kdk\desktop\컴그\project1 solution\3d실습 27\소스.cpp(561): warning C4305: '인수': 'double'에서 'GLfloat'(으)로 잘립니다.
c:\users\kdk\desktop\컴그\project1 solution\3d실습 27\소스.cpp(568): warning C4305: '인수': 'double'에서 'GLfloat'(으)로 잘립니다.
c:\users\kdk\desktop\컴그\project1 solution\3d실습 27\소스.cpp(575): warning C4305: '인수': 'double'에서 'GLfloat'(으)로 잘립니다.
c:\users\kdk\desktop\컴그\project1 solution\3d실습 27\소스.cpp(594): warning C4244: '인수': 'int'에서 'GLfloat'(으)로 변환하면서 데이터가 손실될 수 있습니다.
c:\users\kdk\desktop\컴그\project1 solution\3d실습 27\소스.cpp(602): warning C4305: '인수': 'double'에서 'GLfloat'(으)로 잘립니다.
c:\users\kdk\desktop\컴그\project1 solution\3d실습 27\소스.cpp(609): warning C4305: '인수': 'double'에서 'GLfloat'(으)로 잘립니다.
c:\users\kdk\desktop\컴그\project1 solution\3d실습 27\소스.cpp(616): warning C4305: '인수': 'double'에서 'GLfloat'(으)로 잘립니다.
c:\users\kdk\desktop\컴그\project1 solution\3d실습 27\소스.cpp(623): warning C4305: '인수': 'double'에서 'GLfloat'(으)로 잘립니다.
c:\users\kdk\desktop\컴그\project1 solution\3d실습 27\소스.cpp(630): warning C4305: '인수': 'double'에서 'GLfloat'(으)로 잘립니다.
c:\users\kdk\desktop\컴그\project1 solution\3d실습 27\소스.cpp(637): warning C4305: '인수': 'double'에서 'GLfloat'(으)로 잘립니다.
c:\users\kdk\desktop\컴그\project1 solution\3d실습 27\소스.cpp(644): warning C4305: '인수': 'double'에서 'GLfloat'(으)로 잘립니다.
c:\users\kdk\desktop\컴그\project1 solution\3d실습 27\소스.cpp(661): warning C4244: '인수': 'int'에서 'GLfloat'(으)로 변환하면서 데이터가 손실될 수 있습니다.
c:\users\kdk\desktop\컴그\project1 solution\3d실습 27\소스.cpp(666): warning C4305: '인수': 'double'에서 'GLfloat'(으)로 잘립니다.
c:\users\kdk\desktop\컴그\project1 solution\3d실습 27\소스.cpp(671): warning C4244: '인수': 'int'에서 'GLfloat'(으)로 변환하면서 데이터가 손실될 수 있습니다.
c:\users\kdk\desktop\컴그\project1 solution\3d실습 27\소스.cpp(676): warning C4305: '인수': 'double'에서 'GLfloat'(으)로 잘립니다.
c:\users\kdk\desktop\컴그\project1 solution\3d실습 27\소스.cpp(683): warning C4305: '인수': 'double'에서 'GLfloat'(으)로 잘립니다.
c:\users\kdk\desktop\컴그\project1 solution\3d실습 27\소스.cpp(690): warning C4305: '인수': 'double'에서 'GLfloat'(으)로 잘립니다.
c:\users\kdk\desktop\컴그\project1 solution\3d실습 27\소스.cpp(742): warning C4244: '인수': 'int'에서 'GLfloat'(으)로 변환하면서 데이터가 손실될 수 있습니다.
c:\users\kdk\desktop\컴그\project1 solution\3d실습 27\소스.cpp(745): warning C4305: '인수': 'double'에서 'GLfloat'(으)로 잘립니다.
c:\users\kdk\desktop\컴그\project1 solution\3d실습 27\소스.cpp(751): warning C4305: '인수': 'double'에서 'GLfloat'(으)로 잘립니다.
c:\users\kdk\desktop\컴그\project1 solution\3d실습 27\소스.cpp(757): warning C4305: '인수': 'double'에서 'GLfloat'(으)로 잘립니다.
c:\users\kdk\desktop\컴그\project1 solution\3d실습 27\소스.cpp(764): warning C4305: '인수': 'double'에서 'GLfloat'(으)로 잘립니다.
c:\users\kdk\desktop\컴그\project1 solution\3d실습 27\소스.cpp(770): warning C4305: '인수': 'double'에서 'GLfloat'(으)로 잘립니다.
c:\users\kdk\desktop\컴그\project1 solution\3d실습 27\소스.cpp(784): warning C4305: '인수': 'double'에서 'GLfloat'(으)로 잘립니다.
c:\users\kdk\desktop\컴그\project1 solution\3d실습 27\소스.cpp(791): warning C4305: '인수': 'double'에서 'GLfloat'(으)로 잘립니다.
c:\users\kdk\desktop\컴그\project1 solution\3d실습 27\소스.cpp(799): warning C4244: '인수': 'int'에서 'GLfloat'(으)로 변환하면서 데이터가 손실될 수 있습니다.
c:\users\kdk\desktop\컴그\project1 solution\3d실습 27\소스.cpp(806): warning C4305: '인수': 'double'에서 'GLfloat'(으)로 잘립니다.
c:\users\kdk\desktop\컴그\project1 solution\3d실습 27\소스.cpp(811): warning C4244: '인수': 'int'에서 'GLfloat'(으)로 변환하면서 데이터가 손실될 수 있습니다.
c:\users\kdk\desktop\컴그\project1 solution\3d실습 27\소스.cpp(817): warning C4305: '인수': 'double'에서 'GLfloat'(으)로 잘립니다.
c:\users\kdk\desktop\컴그\project1 solution\3d실습 27\소스.cpp(825): warning C4244: '인수': 'int'에서 'GLfloat'(으)로 변환하면서 데이터가 손실될 수 있습니다.
c:\users\kdk\desktop\컴그\project1 solution\3d실습 27\소스.cpp(830): warning C4305: '인수': 'double'에서 'GLfloat'(으)로 잘립니다.
c:\users\kdk\desktop\컴그\project1 solution\3d실습 27\소스.cpp(835): warning C4244: '인수': 'int'에서 'GLfloat'(으)로 변환하면서 데이터가 손실될 수 있습니다.
c:\users\kdk\desktop\컴그\project1 solution\3d실습 27\소스.cpp(840): warning C4305: '인수': 'double'에서 'GLfloat'(으)로 잘립니다.
  3D실습 27.vcxproj -> C:\Users\kdk\Desktop\컴그\Project1 Solution\Debug\3D실습 27.exe
