  소스.cpp
c:\users\kdk\desktop\컴그\project1 solution\숙제1\소스.cpp(70): warning C4305: '=': 'double'에서 'float'(으)로 잘립니다.
c:\users\kdk\desktop\컴그\project1 solution\숙제1\소스.cpp(87): warning C4244: '인수': 'double'에서 'GLfloat'(으)로 변환하면서 데이터가 손실될 수 있습니다.
c:\users\kdk\desktop\컴그\project1 solution\숙제1\소스.cpp(88): warning C4244: '인수': 'int'에서 'GLfloat'(으)로 변환하면서 데이터가 손실될 수 있습니다.
c:\users\kdk\desktop\컴그\project1 solution\숙제1\소스.cpp(89): warning C4244: '인수': 'double'에서 'GLfloat'(으)로 변환하면서 데이터가 손실될 수 있습니다.
c:\users\kdk\desktop\컴그\project1 solution\숙제1\소스.cpp(117): warning C4244: '=': 'double'에서 'float'(으)로 변환하면서 데이터가 손실될 수 있습니다.
c:\users\kdk\desktop\컴그\project1 solution\숙제1\소스.cpp(136): warning C4305: '+=': 'double'에서 'float'(으)로 잘립니다.
c:\users\kdk\desktop\컴그\project1 solution\숙제1\소스.cpp(162): warning C4244: '=': 'int'에서 'float'(으)로 변환하면서 데이터가 손실될 수 있습니다.
c:\users\kdk\desktop\컴그\project1 solution\숙제1\소스.cpp(597): warning C4305: '+=': 'double'에서 'float'(으)로 잘립니다.
c:\users\kdk\desktop\컴그\project1 solution\숙제1\소스.cpp(663): warning C4326: 'main'의 반환 형식이 'int'이어야 하는데 'void'입니다.
c:\users\kdk\desktop\컴그\project1 solution\숙제1\소스.cpp(664): warning C4244: '인수': 'time_t'에서 'unsigned int'(으)로 변환하면서 데이터가 손실될 수 있습니다.
c:\users\kdk\desktop\컴그\project1 solution\숙제1\소스.cpp(688): warning C4305: '인수': 'double'에서 'GLfloat'(으)로 잘립니다.
c:\users\kdk\desktop\컴그\project1 solution\숙제1\소스.cpp(695): warning C4244: '인수': 'int'에서 'GLfloat'(으)로 변환하면서 데이터가 손실될 수 있습니다.
c:\users\kdk\desktop\컴그\project1 solution\숙제1\소스.cpp(696): warning C4244: '인수': 'int'에서 'GLfloat'(으)로 변환하면서 데이터가 손실될 수 있습니다.
c:\users\kdk\desktop\컴그\project1 solution\숙제1\소스.cpp(706): warning C4244: '인수': 'int'에서 'GLfloat'(으)로 변환하면서 데이터가 손실될 수 있습니다.
c:\users\kdk\desktop\컴그\project1 solution\숙제1\소스.cpp(707): warning C4244: '인수': 'int'에서 'GLfloat'(으)로 변환하면서 데이터가 손실될 수 있습니다.
c:\users\kdk\desktop\컴그\project1 solution\숙제1\소스.cpp(715): warning C4244: '인수': 'double'에서 'GLfloat'(으)로 변환하면서 데이터가 손실될 수 있습니다.
c:\users\kdk\desktop\컴그\project1 solution\숙제1\소스.cpp(723): warning C4305: '인수': 'double'에서 'GLfloat'(으)로 잘립니다.
c:\users\kdk\desktop\컴그\project1 solution\숙제1\소스.cpp(736): warning C4244: '인수': 'double'에서 'GLfloat'(으)로 변환하면서 데이터가 손실될 수 있습니다.
c:\users\kdk\desktop\컴그\project1 solution\숙제1\소스.cpp(761): warning C4244: '인수': 'double'에서 'GLfloat'(으)로 변환하면서 데이터가 손실될 수 있습니다.
c:\users\kdk\desktop\컴그\project1 solution\숙제1\소스.cpp(762): warning C4244: '인수': 'double'에서 'GLfloat'(으)로 변환하면서 데이터가 손실될 수 있습니다.
c:\users\kdk\desktop\컴그\project1 solution\숙제1\소스.cpp(771): warning C4244: '인수': 'double'에서 'GLfloat'(으)로 변환하면서 데이터가 손실될 수 있습니다.
  숙제1.vcxproj -> C:\Users\kdk\Desktop\컴그\Project1 Solution\Debug\숙제1.exe
