C:\Program Files (x86)\Microsoft Visual Studio\2017\Community\Common7\IDE\VC\VCTargets\Microsoft.CppBuild.targets(391,5): warning MSB8028: 중간 디렉터리(Debug\)에 다른 프로젝트(Project3.vcxproj)에서 공유하는 파일이 포함되어 있습니다.  이로 인해 잘못된 정리 및 다시 빌드 동작이 수행될 수 있습니다.
  소스.cpp
c:\users\kdk\desktop\컴그\project1 solution\project3\소스.cpp(35): warning C4244: '인수': 'double'에서 'int'(으)로 변환하면서 데이터가 손실될 수 있습니다.
c:\users\kdk\desktop\컴그\project1 solution\project3\소스.cpp(137): warning C4326: 'main'의 반환 형식이 'int'이어야 하는데 'void'입니다.
c:\users\kdk\desktop\컴그\project1 solution\project3\소스.cpp(143): warning C4244: '인수': 'time_t'에서 'unsigned int'(으)로 변환하면서 데이터가 손실될 수 있습니다.
c:\users\kdk\desktop\컴그\project1 solution\project3\소스.cpp(204): warning C4244: '인수': 'int'에서 'GLfloat'(으)로 변환하면서 데이터가 손실될 수 있습니다.
c:\users\kdk\desktop\컴그\project1 solution\project3\소스.cpp(206): warning C4244: '인수': 'int'에서 'GLfloat'(으)로 변환하면서 데이터가 손실될 수 있습니다.
c:\users\kdk\desktop\컴그\project1 solution\project3\소스.cpp(210): warning C4244: '인수': 'int'에서 'GLfloat'(으)로 변환하면서 데이터가 손실될 수 있습니다.
c:\users\kdk\desktop\컴그\project1 solution\project3\소스.cpp(212): warning C4244: '인수': 'int'에서 'GLfloat'(으)로 변환하면서 데이터가 손실될 수 있습니다.
c:\users\kdk\desktop\컴그\project1 solution\project3\소스.cpp(219): warning C4244: '인수': 'int'에서 'GLfloat'(으)로 변환하면서 데이터가 손실될 수 있습니다.
c:\users\kdk\desktop\컴그\project1 solution\project3\소스.cpp(221): warning C4244: '인수': 'int'에서 'GLfloat'(으)로 변환하면서 데이터가 손실될 수 있습니다.
c:\users\kdk\desktop\컴그\project1 solution\project3\소스.cpp(225): warning C4244: '인수': 'int'에서 'GLfloat'(으)로 변환하면서 데이터가 손실될 수 있습니다.
c:\users\kdk\desktop\컴그\project1 solution\project3\소스.cpp(227): warning C4244: '인수': 'int'에서 'GLfloat'(으)로 변환하면서 데이터가 손실될 수 있습니다.
c:\users\kdk\desktop\컴그\project1 solution\project3\소스.cpp(234): warning C4244: '인수': 'int'에서 'GLfloat'(으)로 변환하면서 데이터가 손실될 수 있습니다.
c:\users\kdk\desktop\컴그\project1 solution\project3\소스.cpp(236): warning C4244: '인수': 'int'에서 'GLfloat'(으)로 변환하면서 데이터가 손실될 수 있습니다.
c:\users\kdk\desktop\컴그\project1 solution\project3\소스.cpp(241): warning C4244: '인수': 'int'에서 'GLfloat'(으)로 변환하면서 데이터가 손실될 수 있습니다.
c:\users\kdk\desktop\컴그\project1 solution\project3\소스.cpp(243): warning C4244: '인수': 'int'에서 'GLfloat'(으)로 변환하면서 데이터가 손실될 수 있습니다.
c:\users\kdk\desktop\컴그\project1 solution\project3\소스.cpp(251): warning C4244: '인수': 'int'에서 'GLfloat'(으)로 변환하면서 데이터가 손실될 수 있습니다.
c:\users\kdk\desktop\컴그\project1 solution\project3\소스.cpp(253): warning C4244: '인수': 'int'에서 'GLfloat'(으)로 변환하면서 데이터가 손실될 수 있습니다.
c:\users\kdk\desktop\컴그\project1 solution\project3\소스.cpp(257): warning C4244: '인수': 'int'에서 'GLfloat'(으)로 변환하면서 데이터가 손실될 수 있습니다.
c:\users\kdk\desktop\컴그\project1 solution\project3\소스.cpp(259): warning C4244: '인수': 'int'에서 'GLfloat'(으)로 변환하면서 데이터가 손실될 수 있습니다.
  Project3.vcxproj -> C:\Users\kdk\Desktop\컴그\Project1 Solution\Debug\3D실습18.exe
